<?xml version="1.0" encoding="UTF-8"?>
<!-- Generated by org.testng.reporters.JUnitXMLReporter -->
<testsuite hostname="ThinkPad" ignored="0" name="Regression" tests="5" failures="0" timestamp="2022-05-12T23:27:51 BST" time="39.267" errors="0">
  <testcase name="bankManagerShouldAddCustomerSuccessfully" time="3.754" classname="com.bank.testsuite.BankTest"/>
  <testcase name="bankManagerShouldOpenAccountSuccessfully" time="3.794" classname="com.bank.testsuite.BankTest"/>
  <testcase name="customerShouldLoginAndLogoutSuccessfully" time="1.707" classname="com.bank.testsuite.BankTest"/>
  <testcase name="customerShouldDepositMoneySuccessfully" time="2.3" classname="com.bank.testsuite.BankTest"/>
  <testcase name="customerShouldWithdrawMoneySuccessfully" time="3.401" classname="com.bank.testsuite.BankTest"/>
</testsuite> <!-- Regression -->
