<?xml version="1.0" encoding="UTF-8"?>
<!-- Generated by org.testng.reporters.JUnitXMLReporter -->
<testsuite hostname="ThinkPad" ignored="0" name="Bank Test" tests="5" failures="0" timestamp="2022-05-12T23:55:29 BST" time="36.866" errors="0">
  <testcase name="bankManagerShouldAddCustomerSuccessfully" time="3.507" classname="com.bank.testsuite.BankTest"/>
  <testcase name="bankManagerShouldOpenAccountSuccessfully" time="3.249" classname="com.bank.testsuite.BankTest"/>
  <testcase name="customerShouldLoginAndLogoutSuccessfully" time="1.352" classname="com.bank.testsuite.BankTest"/>
  <testcase name="customerShouldDepositMoneySuccessfully" time="2.35" classname="com.bank.testsuite.BankTest"/>
  <testcase name="customerShouldWithdrawMoneySuccessfully" time="3.501" classname="com.bank.testsuite.BankTest"/>
</testsuite> <!-- Bank Test -->
